<?xml version="1.0" encoding="UTF-8"?>
<testsuite xmlns:xsi="http://www.w3.org/2001/XMLSchema-instance" xsi:noNamespaceSchemaLocation="https://maven.apache.org/surefire/maven-surefire-plugin/xsd/surefire-test-report.xsd" name="TestSuite" time="38.294" tests="14" errors="0" skipped="0" failures="3">
  <properties>
[...]
</properties>
  <testcase name="loginPageTitleTest" classname="com.qa.opencart.tests.LoginPageTest" time="0.361"/>
  <testcase name="loginPageHeaderTest" classname="com.qa.opencart.tests.LoginPageTest" time="0.393">
    <failure message="....Header is not matched.... expected [Your Store11] but found [Your Store]" type="java.lang.AssertionError">java.lang.AssertionError: ....Header is not matched.... expected [Your Store11] but found [Your Store]
	at com.qa.opencart.tests.LoginPageTest.loginPageHeaderTest(LoginPageTest.java:38)
</failure>
    <system-out><![CDATA[I am in onTestStart method loginPageHeaderTest start
lp header is: Your Store
I am in onTestFailure method loginPageHeaderTest failed
Screenshot captured for test case:loginPageHeaderTest
]]></system-out>
  </testcase>
  <testcase name="forgotPwdLinkTest" classname="com.qa.opencart.tests.LoginPageTest" time="0.24">
    <failure message="no such element: Unable to locate element: {&quot;method&quot;:&quot;xpath&quot;,&quot;selector&quot;:&quot;//div[@class=&apos;form-group&apos;]//a[text()=&apos;Forgotten Password11&apos;]&quot;}&#10;  (Session info: chrome=92.0.4515.159)&#10;For documentation on this error, please visit: https://www.seleniumhq.org/exceptions/no_such_element.html&#10;Build info: version: &apos;3.141.59&apos;, revision: &apos;e82be7d358&apos;, time: &apos;2018-11-14T08:17:03&apos;&#10;System info: host: &apos;DESKTOP-POFN5K0&apos;, ip: &apos;192.168.17.196&apos;, os.name: &apos;Windows 10&apos;, os.arch: &apos;amd64&apos;, os.version: &apos;10.0&apos;, java.version: &apos;1.8.0_301&apos;&#10;Driver info: org.openqa.selenium.chrome.ChromeDriver&#10;Capabilities {acceptInsecureCerts: false, browserName: chrome, browserVersion: 92.0.4515.159, chrome: {chromedriverVersion: 92.0.4515.107 (87a818b10553..., userDataDir: C:\Users\WINDOWS\AppData\Lo...}, goog:chromeOptions: {debuggerAddress: localhost:59077}, javascriptEnabled: true, networkConnectionEnabled: false, pageLoadStrategy: normal, platform: WINDOWS, platformName: WINDOWS, proxy: Proxy(), setWindowRect: true, strictFileInteractability: false, timeouts: {implicit: 0, pageLoad: 300000, script: 30000}, unhandledPromptBehavior: dismiss and notify, webauthn:extension:credBlob: true, webauthn:extension:largeBlob: true, webauthn:virtualAuthenticators: true}&#10;Session ID: 516091485f6829280272657a10d7798c&#10;*** Element info: {Using=xpath, value=//div[@class=&apos;form-group&apos;]//a[text()=&apos;Forgotten Password11&apos;]}" type="org.openqa.selenium.NoSuchElementException">org.openqa.selenium.NoSuchElementException: 
no such element: Unable to locate element: {"method":"xpath","selector":"//div[@class='form-group']//a[text()='Forgotten Password11']"}
  (Session info: chrome=92.0.4515.159)
For documentation on this error, please visit: https://www.seleniumhq.org/exceptions/no_such_element.html
Build info: version: '3.141.59', revision: 'e82be7d358', time: '2018-11-14T08:17:03'
System info: host: 'DESKTOP-POFN5K0', ip: '192.168.17.196', os.name: 'Windows 10', os.arch: 'amd64', os.version: '10.0', java.version: '1.8.0_301'
Driver info: org.openqa.selenium.chrome.ChromeDriver
Capabilities {acceptInsecureCerts: false, browserName: chrome, browserVersion: 92.0.4515.159, chrome: {chromedriverVersion: 92.0.4515.107 (87a818b10553..., userDataDir: C:\Users\WINDOWS\AppData\Lo...}, goog:chromeOptions: {debuggerAddress: localhost:59077}, javascriptEnabled: true, networkConnectionEnabled: false, pageLoadStrategy: normal, platform: WINDOWS, platformName: WINDOWS, proxy: Proxy(), setWindowRect: true, strictFileInteractability: false, timeouts: {implicit: 0, pageLoad: 300000, script: 30000}, unhandledPromptBehavior: dismiss and notify, webauthn:extension:credBlob: true, webauthn:extension:largeBlob: true, webauthn:virtualAuthenticators: true}
Session ID: 516091485f6829280272657a10d7798c
*** Element info: {Using=xpath, value=//div[@class='form-group']//a[text()='Forgotten Password11']}
	at com.qa.opencart.tests.LoginPageTest.forgotPwdLinkTest(LoginPageTest.java:45)
</failure>
    <system-out><![CDATA[I am in onTestStart method forgotPwdLinkTest start
I am in onTestFailure method forgotPwdLinkTest failed
Screenshot captured for test case:forgotPwdLinkTest
]]></system-out>
  </testcase>
  <testcase name="accPageTitleTest" classname="com.qa.opencart.tests.AccountsPageTest" time="0.02"/>
  <testcase name="accPageHeaderTest" classname="com.qa.opencart.tests.AccountsPageTest" time="0.28">
    <failure message="expected [Your Store11] but found [Your Store]" type="java.lang.AssertionError">java.lang.AssertionError: expected [Your Store11] but found [Your Store]
	at com.qa.opencart.tests.AccountsPageTest.accPageHeaderTest(AccountsPageTest.java:46)
</failure>
    <system-out><![CDATA[I am in onTestStart method accPageHeaderTest start
acc page header is: Your Store
I am in onTestFailure method accPageHeaderTest failed
Screenshot captured for test case:accPageHeaderTest
]]></system-out>
  </testcase>
  <testcase name="accSectionsListTest" classname="com.qa.opencart.tests.AccountsPageTest" time="0.226"/>
  <testcase name="loginTest" classname="com.qa.opencart.tests.LoginPageTest" time="0.116"/>
  <testcase name="logoutLinkExistTest" classname="com.qa.opencart.tests.AccountsPageTest" time="0.14"/>
  <testcase name="searchTest" classname="com.qa.opencart.tests.AccountsPageTest" time="2.29"/>
  <testcase name="searchTest" classname="com.qa.opencart.tests.AccountsPageTest" time="2.241"/>
  <testcase name="searchTest" classname="com.qa.opencart.tests.AccountsPageTest" time="2.168"/>
  <testcase name="selectProductTest" classname="com.qa.opencart.tests.AccountsPageTest" time="5.022"/>
  <testcase name="selectProductTest" classname="com.qa.opencart.tests.AccountsPageTest" time="4.203"/>
  <testcase name="selectProductTest" classname="com.qa.opencart.tests.AccountsPageTest" time="4.515"/>
</testsuite>